!SESSION 2024-03-15 05:41:54.497 -----------------------------------------------
eclipse.buildId=unknown
java.version=17.0.9
java.vendor=Eclipse Adoptium
BootLoader constants: OS=win32, ARCH=x86_64, WS=win32, NL=ja_JP
Command-line arguments:  -os win32 -ws win32 -arch x86_64 -data file:/C:/Users/grabacr/Dropbox/01-sharedspace/SysML-shared/PapyrusProjects/

!ENTRY org.eclipse.mylyn.bugzilla.ui 4 0 2024-03-15 05:42:23.974
!MESSAGE FrameworkEvent ERROR
!STACK 0
org.osgi.framework.BundleException: Could not resolve module: org.eclipse.mylyn.bugzilla.ui [411]
  Unresolved requirement: Require-Bundle: org.eclipse.mylyn.tasks.ui; bundle-version="[3.8.0,4.0.0)"
    -> Bundle-SymbolicName: org.eclipse.mylyn.tasks.ui; bundle-version="3.25.2.v20200814-0512"; singleton:="true"
       org.eclipse.mylyn.tasks.ui [444]
         Unresolved requirement: Require-Bundle: org.eclipse.mylyn.commons.notifications.feed; bundle-version="1.0.0"
           -> Bundle-SymbolicName: org.eclipse.mylyn.commons.notifications.feed; bundle-version="1.17.2.v20200813-0821"; singleton:="true"
              org.eclipse.mylyn.commons.notifications.feed [416]
                No resolution report for the bundle.  Bundle was not resolved because of a uses constraint violation.
  org.apache.felix.resolver.reason.ReasonException: Uses constraint violation. Unable to resolve resource org.eclipse.mylyn.commons.notifications.feed [osgi.identity; type="osgi.bundle"; version:Version="1.17.2.v20200813-0821"; osgi.identity="org.eclipse.mylyn.commons.notifications.feed"; singleton:="true"] because it is exposed to package 'javax.xml.bind' from resources javax.xml.bind [osgi.identity; type="osgi.bundle"; version:Version="2.2.0.v201105210648"; osgi.identity="javax.xml.bind"] and jakarta.xml.bind [osgi.identity; type="osgi.bundle"; version:Version="2.3.3.v20221203-1659"; osgi.identity="jakarta.xml.bind"] via two dependency chains.

Chain 1:
  org.eclipse.mylyn.commons.notifications.feed [osgi.identity; type="osgi.bundle"; version:Version="1.17.2.v20200813-0821"; osgi.identity="org.eclipse.mylyn.commons.notifications.feed"; singleton:="true"]
    require: (&(osgi.wiring.bundle=javax.xml.bind)(bundle-version>=2.2.0))
     |
    provide: osgi.wiring.bundle: javax.xml.bind
  javax.xml.bind [osgi.identity; type="osgi.bundle"; version:Version="2.2.0.v201105210648"; osgi.identity="javax.xml.bind"]

Chain 2:
  org.eclipse.mylyn.commons.notifications.feed [osgi.identity; type="osgi.bundle"; version:Version="1.17.2.v20200813-0821"; osgi.identity="org.eclipse.mylyn.commons.notifications.feed"; singleton:="true"]
    require: (&(osgi.wiring.bundle=com.sun.xml.bind)(bundle-version>=2.2.0))
     |
    provide: osgi.wiring.bundle; bundle-version:Version="2.3.3.v20221203-1659"; osgi.wiring.bundle="com.sun.xml.bind"
  com.sun.xml.bind [osgi.identity; type="osgi.bundle"; version:Version="2.3.3.v20221203-1659"; osgi.identity="com.sun.xml.bind"]
    import: (&(osgi.wiring.package=javax.xml.bind)(&(version>=2.3.3)(!(version>=2.3.4))))
     |
    export: osgi.wiring.package: javax.xml.bind
  jakarta.xml.bind [osgi.identity; type="osgi.bundle"; version:Version="2.3.3.v20221203-1659"; osgi.identity="jakarta.xml.bind"]
	at org.eclipse.osgi.container.Module.start(Module.java:463)
	at org.eclipse.osgi.container.ModuleContainer$ContainerStartLevel$2.run(ModuleContainer.java:1852)
	at org.eclipse.osgi.internal.framework.EquinoxContainerAdaptor$1$1.execute(EquinoxContainerAdaptor.java:136)
	at org.eclipse.osgi.container.ModuleContainer$ContainerStartLevel.incStartLevel(ModuleContainer.java:1845)
	at org.eclipse.osgi.container.ModuleContainer$ContainerStartLevel.incStartLevel(ModuleContainer.java:1786)
	at org.eclipse.osgi.container.ModuleContainer$ContainerStartLevel.doContainerStartLevel(ModuleContainer.java:1750)
	at org.eclipse.osgi.container.ModuleContainer$ContainerStartLevel.dispatchEvent(ModuleContainer.java:1672)
	at org.eclipse.osgi.container.ModuleContainer$ContainerStartLevel.dispatchEvent(ModuleContainer.java:1)
	at org.eclipse.osgi.framework.eventmgr.EventManager.dispatchEvent(EventManager.java:234)
	at org.eclipse.osgi.framework.eventmgr.EventManager$EventThread.run(EventManager.java:345)

!ENTRY org.eclipse.mylyn.commons.notifications.feed 4 0 2024-03-15 05:42:23.974
!MESSAGE FrameworkEvent ERROR
!STACK 0
org.osgi.framework.BundleException: Could not resolve module: org.eclipse.mylyn.commons.notifications.feed [416]
  Bundle was not resolved because of a uses constraint violation.
  org.apache.felix.resolver.reason.ReasonException: Uses constraint violation. Unable to resolve resource org.eclipse.mylyn.commons.notifications.feed [osgi.identity; type="osgi.bundle"; version:Version="1.17.2.v20200813-0821"; osgi.identity="org.eclipse.mylyn.commons.notifications.feed"; singleton:="true"] because it is exposed to package 'javax.xml.bind' from resources javax.xml.bind [osgi.identity; type="osgi.bundle"; version:Version="2.2.0.v201105210648"; osgi.identity="javax.xml.bind"] and jakarta.xml.bind [osgi.identity; type="osgi.bundle"; version:Version="2.3.3.v20221203-1659"; osgi.identity="jakarta.xml.bind"] via two dependency chains.

Chain 1:
  org.eclipse.mylyn.commons.notifications.feed [osgi.identity; type="osgi.bundle"; version:Version="1.17.2.v20200813-0821"; osgi.identity="org.eclipse.mylyn.commons.notifications.feed"; singleton:="true"]
    require: (&(osgi.wiring.bundle=javax.xml.bind)(bundle-version>=2.2.0))
     |
    provide: osgi.wiring.bundle: javax.xml.bind
  javax.xml.bind [osgi.identity; type="osgi.bundle"; version:Version="2.2.0.v201105210648"; osgi.identity="javax.xml.bind"]

Chain 2:
  org.eclipse.mylyn.commons.notifications.feed [osgi.identity; type="osgi.bundle"; version:Version="1.17.2.v20200813-0821"; osgi.identity="org.eclipse.mylyn.commons.notifications.feed"; singleton:="true"]
    require: (&(osgi.wiring.bundle=com.sun.xml.bind)(bundle-version>=2.2.0))
     |
    provide: osgi.wiring.bundle; bundle-version:Version="2.3.3.v20221203-1659"; osgi.wiring.bundle="com.sun.xml.bind"
  com.sun.xml.bind [osgi.identity; type="osgi.bundle"; version:Version="2.3.3.v20221203-1659"; osgi.identity="com.sun.xml.bind"]
    import: (&(osgi.wiring.package=javax.xml.bind)(&(version>=2.3.3)(!(version>=2.3.4))))
     |
    export: osgi.wiring.package: javax.xml.bind
  jakarta.xml.bind [osgi.identity; type="osgi.bundle"; version:Version="2.3.3.v20221203-1659"; osgi.identity="jakarta.xml.bind"]
	at org.eclipse.osgi.container.Module.start(Module.java:463)
	at org.eclipse.osgi.container.ModuleContainer$ContainerStartLevel$2.run(ModuleContainer.java:1852)
	at org.eclipse.osgi.internal.framework.EquinoxContainerAdaptor$1$1.execute(EquinoxContainerAdaptor.java:136)
	at org.eclipse.osgi.container.ModuleContainer$ContainerStartLevel.incStartLevel(ModuleContainer.java:1845)
	at org.eclipse.osgi.container.ModuleContainer$ContainerStartLevel.incStartLevel(ModuleContainer.java:1786)
	at org.eclipse.osgi.container.ModuleContainer$ContainerStartLevel.doContainerStartLevel(ModuleContainer.java:1750)
	at org.eclipse.osgi.container.ModuleContainer$ContainerStartLevel.dispatchEvent(ModuleContainer.java:1672)
	at org.eclipse.osgi.container.ModuleContainer$ContainerStartLevel.dispatchEvent(ModuleContainer.java:1)
	at org.eclipse.osgi.framework.eventmgr.EventManager.dispatchEvent(EventManager.java:234)
	at org.eclipse.osgi.framework.eventmgr.EventManager$EventThread.run(EventManager.java:345)

!ENTRY org.eclipse.mylyn.context.tasks.ui 4 0 2024-03-15 05:42:24.005
!MESSAGE FrameworkEvent ERROR
!STACK 0
org.osgi.framework.BundleException: Could not resolve module: org.eclipse.mylyn.context.tasks.ui [425]
  Unresolved requirement: Require-Bundle: org.eclipse.mylyn.tasks.ui; bundle-version="3.8.0"
    -> Bundle-SymbolicName: org.eclipse.mylyn.tasks.ui; bundle-version="3.25.2.v20200814-0512"; singleton:="true"
       org.eclipse.mylyn.tasks.ui [444]
         Unresolved requirement: Require-Bundle: org.eclipse.mylyn.commons.notifications.feed; bundle-version="1.0.0"
           -> Bundle-SymbolicName: org.eclipse.mylyn.commons.notifications.feed; bundle-version="1.17.2.v20200813-0821"; singleton:="true"
              org.eclipse.mylyn.commons.notifications.feed [416]
                No resolution report for the bundle.  Bundle was not resolved because of a uses constraint violation.
  org.apache.felix.resolver.reason.ReasonException: Uses constraint violation. Unable to resolve resource org.eclipse.mylyn.commons.notifications.feed [osgi.identity; type="osgi.bundle"; version:Version="1.17.2.v20200813-0821"; osgi.identity="org.eclipse.mylyn.commons.notifications.feed"; singleton:="true"] because it is exposed to package 'javax.xml.bind' from resources javax.xml.bind [osgi.identity; type="osgi.bundle"; version:Version="2.2.0.v201105210648"; osgi.identity="javax.xml.bind"] and jakarta.xml.bind [osgi.identity; type="osgi.bundle"; version:Version="2.3.3.v20221203-1659"; osgi.identity="jakarta.xml.bind"] via two dependency chains.

Chain 1:
  org.eclipse.mylyn.commons.notifications.feed [osgi.identity; type="osgi.bundle"; version:Version="1.17.2.v20200813-0821"; osgi.identity="org.eclipse.mylyn.commons.notifications.feed"; singleton:="true"]
    require: (&(osgi.wiring.bundle=javax.xml.bind)(bundle-version>=2.2.0))
     |
    provide: osgi.wiring.bundle: javax.xml.bind
  javax.xml.bind [osgi.identity; type="osgi.bundle"; version:Version="2.2.0.v201105210648"; osgi.identity="javax.xml.bind"]

Chain 2:
  org.eclipse.mylyn.commons.notifications.feed [osgi.identity; type="osgi.bundle"; version:Version="1.17.2.v20200813-0821"; osgi.identity="org.eclipse.mylyn.commons.notifications.feed"; singleton:="true"]
    require: (&(osgi.wiring.bundle=com.sun.xml.bind)(bundle-version>=2.2.0))
     |
    provide: osgi.wiring.bundle; bundle-version:Version="2.3.3.v20221203-1659"; osgi.wiring.bundle="com.sun.xml.bind"
  com.sun.xml.bind [osgi.identity; type="osgi.bundle"; version:Version="2.3.3.v20221203-1659"; osgi.identity="com.sun.xml.bind"]
    import: (&(osgi.wiring.package=javax.xml.bind)(&(version>=2.3.3)(!(version>=2.3.4))))
     |
    export: osgi.wiring.package: javax.xml.bind
  jakarta.xml.bind [osgi.identity; type="osgi.bundle"; version:Version="2.3.3.v20221203-1659"; osgi.identity="jakarta.xml.bind"]
	at org.eclipse.osgi.container.Module.start(Module.java:463)
	at org.eclipse.osgi.container.ModuleContainer$ContainerStartLevel$2.run(ModuleContainer.java:1852)
	at org.eclipse.osgi.internal.framework.EquinoxContainerAdaptor$1$1.execute(EquinoxContainerAdaptor.java:136)
	at org.eclipse.osgi.container.ModuleContainer$ContainerStartLevel.incStartLevel(ModuleContainer.java:1845)
	at org.eclipse.osgi.container.ModuleContainer$ContainerStartLevel.incStartLevel(ModuleContainer.java:1786)
	at org.eclipse.osgi.container.ModuleContainer$ContainerStartLevel.doContainerStartLevel(ModuleContainer.java:1750)
	at org.eclipse.osgi.container.ModuleContainer$ContainerStartLevel.dispatchEvent(ModuleContainer.java:1672)
	at org.eclipse.osgi.container.ModuleContainer$ContainerStartLevel.dispatchEvent(ModuleContainer.java:1)
	at org.eclipse.osgi.framework.eventmgr.EventManager.dispatchEvent(EventManager.java:234)
	at org.eclipse.osgi.framework.eventmgr.EventManager$EventThread.run(EventManager.java:345)

!ENTRY org.eclipse.mylyn.java.tasks 4 0 2024-03-15 05:42:24.084
!MESSAGE FrameworkEvent ERROR
!STACK 0
org.osgi.framework.BundleException: Could not resolve module: org.eclipse.mylyn.java.tasks [433]
  Unresolved requirement: Require-Bundle: org.eclipse.mylyn.tasks.ui; bundle-version="[3.8.0,4.0.0)"
    -> Bundle-SymbolicName: org.eclipse.mylyn.tasks.ui; bundle-version="3.25.2.v20200814-0512"; singleton:="true"
       org.eclipse.mylyn.tasks.ui [444]
         Unresolved requirement: Require-Bundle: org.eclipse.mylyn.commons.notifications.feed; bundle-version="1.0.0"
           -> Bundle-SymbolicName: org.eclipse.mylyn.commons.notifications.feed; bundle-version="1.17.2.v20200813-0821"; singleton:="true"
              org.eclipse.mylyn.commons.notifications.feed [416]
                No resolution report for the bundle.  Bundle was not resolved because of a uses constraint violation.
  org.apache.felix.resolver.reason.ReasonException: Uses constraint violation. Unable to resolve resource org.eclipse.mylyn.commons.notifications.feed [osgi.identity; type="osgi.bundle"; version:Version="1.17.2.v20200813-0821"; osgi.identity="org.eclipse.mylyn.commons.notifications.feed"; singleton:="true"] because it is exposed to package 'javax.xml.bind' from resources javax.xml.bind [osgi.identity; type="osgi.bundle"; version:Version="2.2.0.v201105210648"; osgi.identity="javax.xml.bind"] and jakarta.xml.bind [osgi.identity; type="osgi.bundle"; version:Version="2.3.3.v20221203-1659"; osgi.identity="jakarta.xml.bind"] via two dependency chains.

Chain 1:
  org.eclipse.mylyn.commons.notifications.feed [osgi.identity; type="osgi.bundle"; version:Version="1.17.2.v20200813-0821"; osgi.identity="org.eclipse.mylyn.commons.notifications.feed"; singleton:="true"]
    require: (&(osgi.wiring.bundle=javax.xml.bind)(bundle-version>=2.2.0))
     |
    provide: osgi.wiring.bundle: javax.xml.bind
  javax.xml.bind [osgi.identity; type="osgi.bundle"; version:Version="2.2.0.v201105210648"; osgi.identity="javax.xml.bind"]

Chain 2:
  org.eclipse.mylyn.commons.notifications.feed [osgi.identity; type="osgi.bundle"; version:Version="1.17.2.v20200813-0821"; osgi.identity="org.eclipse.mylyn.commons.notifications.feed"; singleton:="true"]
    require: (&(osgi.wiring.bundle=com.sun.xml.bind)(bundle-version>=2.2.0))
     |
    provide: osgi.wiring.bundle; bundle-version:Version="2.3.3.v20221203-1659"; osgi.wiring.bundle="com.sun.xml.bind"
  com.sun.xml.bind [osgi.identity; type="osgi.bundle"; version:Version="2.3.3.v20221203-1659"; osgi.identity="com.sun.xml.bind"]
    import: (&(osgi.wiring.package=javax.xml.bind)(&(version>=2.3.3)(!(version>=2.3.4))))
     |
    export: osgi.wiring.package: javax.xml.bind
  jakarta.xml.bind [osgi.identity; type="osgi.bundle"; version:Version="2.3.3.v20221203-1659"; osgi.identity="jakarta.xml.bind"]
	at org.eclipse.osgi.container.Module.start(Module.java:463)
	at org.eclipse.osgi.container.ModuleContainer$ContainerStartLevel$2.run(ModuleContainer.java:1852)
	at org.eclipse.osgi.internal.framework.EquinoxContainerAdaptor$1$1.execute(EquinoxContainerAdaptor.java:136)
	at org.eclipse.osgi.container.ModuleContainer$ContainerStartLevel.incStartLevel(ModuleContainer.java:1845)
	at org.eclipse.osgi.container.ModuleContainer$ContainerStartLevel.incStartLevel(ModuleContainer.java:1786)
	at org.eclipse.osgi.container.ModuleContainer$ContainerStartLevel.doContainerStartLevel(ModuleContainer.java:1750)
	at org.eclipse.osgi.container.ModuleContainer$ContainerStartLevel.dispatchEvent(ModuleContainer.java:1672)
	at org.eclipse.osgi.container.ModuleContainer$ContainerStartLevel.dispatchEvent(ModuleContainer.java:1)
	at org.eclipse.osgi.framework.eventmgr.EventManager.dispatchEvent(EventManager.java:234)
	at org.eclipse.osgi.framework.eventmgr.EventManager$EventThread.run(EventManager.java:345)

!ENTRY org.eclipse.mylyn.tasks.bugs 4 0 2024-03-15 05:42:24.130
!MESSAGE FrameworkEvent ERROR
!STACK 0
org.osgi.framework.BundleException: Could not resolve module: org.eclipse.mylyn.tasks.bugs [439]
  Unresolved requirement: Require-Bundle: org.eclipse.mylyn.tasks.ui; bundle-version="[3.8.0,4.0.0)"
    -> Bundle-SymbolicName: org.eclipse.mylyn.tasks.ui; bundle-version="3.25.2.v20200814-0512"; singleton:="true"
       org.eclipse.mylyn.tasks.ui [444]
         Unresolved requirement: Require-Bundle: org.eclipse.mylyn.commons.notifications.feed; bundle-version="1.0.0"
           -> Bundle-SymbolicName: org.eclipse.mylyn.commons.notifications.feed; bundle-version="1.17.2.v20200813-0821"; singleton:="true"
              org.eclipse.mylyn.commons.notifications.feed [416]
                No resolution report for the bundle.  Bundle was not resolved because of a uses constraint violation.
  org.apache.felix.resolver.reason.ReasonException: Uses constraint violation. Unable to resolve resource org.eclipse.mylyn.commons.notifications.feed [osgi.identity; type="osgi.bundle"; version:Version="1.17.2.v20200813-0821"; osgi.identity="org.eclipse.mylyn.commons.notifications.feed"; singleton:="true"] because it is exposed to package 'javax.xml.bind' from resources javax.xml.bind [osgi.identity; type="osgi.bundle"; version:Version="2.2.0.v201105210648"; osgi.identity="javax.xml.bind"] and jakarta.xml.bind [osgi.identity; type="osgi.bundle"; version:Version="2.3.3.v20221203-1659"; osgi.identity="jakarta.xml.bind"] via two dependency chains.

Chain 1:
  org.eclipse.mylyn.commons.notifications.feed [osgi.identity; type="osgi.bundle"; version:Version="1.17.2.v20200813-0821"; osgi.identity="org.eclipse.mylyn.commons.notifications.feed"; singleton:="true"]
    require: (&(osgi.wiring.bundle=javax.xml.bind)(bundle-version>=2.2.0))
     |
    provide: osgi.wiring.bundle: javax.xml.bind
  javax.xml.bind [osgi.identity; type="osgi.bundle"; version:Version="2.2.0.v201105210648"; osgi.identity="javax.xml.bind"]

Chain 2:
  org.eclipse.mylyn.commons.notifications.feed [osgi.identity; type="osgi.bundle"; version:Version="1.17.2.v20200813-0821"; osgi.identity="org.eclipse.mylyn.commons.notifications.feed"; singleton:="true"]
    require: (&(osgi.wiring.bundle=com.sun.xml.bind)(bundle-version>=2.2.0))
     |
    provide: osgi.wiring.bundle; bundle-version:Version="2.3.3.v20221203-1659"; osgi.wiring.bundle="com.sun.xml.bind"
  com.sun.xml.bind [osgi.identity; type="osgi.bundle"; version:Version="2.3.3.v20221203-1659"; osgi.identity="com.sun.xml.bind"]
    import: (&(osgi.wiring.package=javax.xml.bind)(&(version>=2.3.3)(!(version>=2.3.4))))
     |
    export: osgi.wiring.package: javax.xml.bind
  jakarta.xml.bind [osgi.identity; type="osgi.bundle"; version:Version="2.3.3.v20221203-1659"; osgi.identity="jakarta.xml.bind"]
	at org.eclipse.osgi.container.Module.start(Module.java:463)
	at org.eclipse.osgi.container.ModuleContainer$ContainerStartLevel$2.run(ModuleContainer.java:1852)
	at org.eclipse.osgi.internal.framework.EquinoxContainerAdaptor$1$1.execute(EquinoxContainerAdaptor.java:136)
	at org.eclipse.osgi.container.ModuleContainer$ContainerStartLevel.incStartLevel(ModuleContainer.java:1845)
	at org.eclipse.osgi.container.ModuleContainer$ContainerStartLevel.incStartLevel(ModuleContainer.java:1786)
	at org.eclipse.osgi.container.ModuleContainer$ContainerStartLevel.doContainerStartLevel(ModuleContainer.java:1750)
	at org.eclipse.osgi.container.ModuleContainer$ContainerStartLevel.dispatchEvent(ModuleContainer.java:1672)
	at org.eclipse.osgi.container.ModuleContainer$ContainerStartLevel.dispatchEvent(ModuleContainer.java:1)
	at org.eclipse.osgi.framework.eventmgr.EventManager.dispatchEvent(EventManager.java:234)
	at org.eclipse.osgi.framework.eventmgr.EventManager$EventThread.run(EventManager.java:345)

!ENTRY org.eclipse.mylyn.tasks.ui 4 0 2024-03-15 05:42:24.146
!MESSAGE FrameworkEvent ERROR
!STACK 0
org.osgi.framework.BundleException: Could not resolve module: org.eclipse.mylyn.tasks.ui [444]
  Unresolved requirement: Require-Bundle: org.eclipse.mylyn.commons.notifications.feed; bundle-version="1.0.0"
    -> Bundle-SymbolicName: org.eclipse.mylyn.commons.notifications.feed; bundle-version="1.17.2.v20200813-0821"; singleton:="true"
       org.eclipse.mylyn.commons.notifications.feed [416]
         No resolution report for the bundle.  Bundle was not resolved because of a uses constraint violation.
  org.apache.felix.resolver.reason.ReasonException: Uses constraint violation. Unable to resolve resource org.eclipse.mylyn.commons.notifications.feed [osgi.identity; type="osgi.bundle"; version:Version="1.17.2.v20200813-0821"; osgi.identity="org.eclipse.mylyn.commons.notifications.feed"; singleton:="true"] because it is exposed to package 'javax.xml.bind' from resources javax.xml.bind [osgi.identity; type="osgi.bundle"; version:Version="2.2.0.v201105210648"; osgi.identity="javax.xml.bind"] and jakarta.xml.bind [osgi.identity; type="osgi.bundle"; version:Version="2.3.3.v20221203-1659"; osgi.identity="jakarta.xml.bind"] via two dependency chains.

Chain 1:
  org.eclipse.mylyn.commons.notifications.feed [osgi.identity; type="osgi.bundle"; version:Version="1.17.2.v20200813-0821"; osgi.identity="org.eclipse.mylyn.commons.notifications.feed"; singleton:="true"]
    require: (&(osgi.wiring.bundle=javax.xml.bind)(bundle-version>=2.2.0))
     |
    provide: osgi.wiring.bundle: javax.xml.bind
  javax.xml.bind [osgi.identity; type="osgi.bundle"; version:Version="2.2.0.v201105210648"; osgi.identity="javax.xml.bind"]

Chain 2:
  org.eclipse.mylyn.commons.notifications.feed [osgi.identity; type="osgi.bundle"; version:Version="1.17.2.v20200813-0821"; osgi.identity="org.eclipse.mylyn.commons.notifications.feed"; singleton:="true"]
    require: (&(osgi.wiring.bundle=com.sun.xml.bind)(bundle-version>=2.2.0))
     |
    provide: osgi.wiring.bundle; bundle-version:Version="2.3.3.v20221203-1659"; osgi.wiring.bundle="com.sun.xml.bind"
  com.sun.xml.bind [osgi.identity; type="osgi.bundle"; version:Version="2.3.3.v20221203-1659"; osgi.identity="com.sun.xml.bind"]
    import: (&(osgi.wiring.package=javax.xml.bind)(&(version>=2.3.3)(!(version>=2.3.4))))
     |
    export: osgi.wiring.package: javax.xml.bind
  jakarta.xml.bind [osgi.identity; type="osgi.bundle"; version:Version="2.3.3.v20221203-1659"; osgi.identity="jakarta.xml.bind"]
	at org.eclipse.osgi.container.Module.start(Module.java:463)
	at org.eclipse.osgi.container.ModuleContainer$ContainerStartLevel$2.run(ModuleContainer.java:1852)
	at org.eclipse.osgi.internal.framework.EquinoxContainerAdaptor$1$1.execute(EquinoxContainerAdaptor.java:136)
	at org.eclipse.osgi.container.ModuleContainer$ContainerStartLevel.incStartLevel(ModuleContainer.java:1845)
	at org.eclipse.osgi.container.ModuleContainer$ContainerStartLevel.incStartLevel(ModuleContainer.java:1786)
	at org.eclipse.osgi.container.ModuleContainer$ContainerStartLevel.doContainerStartLevel(ModuleContainer.java:1750)
	at org.eclipse.osgi.container.ModuleContainer$ContainerStartLevel.dispatchEvent(ModuleContainer.java:1672)
	at org.eclipse.osgi.container.ModuleContainer$ContainerStartLevel.dispatchEvent(ModuleContainer.java:1)
	at org.eclipse.osgi.framework.eventmgr.EventManager.dispatchEvent(EventManager.java:234)
	at org.eclipse.osgi.framework.eventmgr.EventManager$EventThread.run(EventManager.java:345)

!ENTRY org.eclipse.mylyn.team.ui 4 0 2024-03-15 05:42:24.177
!MESSAGE FrameworkEvent ERROR
!STACK 0
org.osgi.framework.BundleException: Could not resolve module: org.eclipse.mylyn.team.ui [445]
  Unresolved requirement: Require-Bundle: org.eclipse.mylyn.tasks.ui; bundle-version="[3.8.0,4.0.0)"
    -> Bundle-SymbolicName: org.eclipse.mylyn.tasks.ui; bundle-version="3.25.2.v20200814-0512"; singleton:="true"
       org.eclipse.mylyn.tasks.ui [444]
         Unresolved requirement: Require-Bundle: org.eclipse.mylyn.commons.notifications.feed; bundle-version="1.0.0"
           -> Bundle-SymbolicName: org.eclipse.mylyn.commons.notifications.feed; bundle-version="1.17.2.v20200813-0821"; singleton:="true"
              org.eclipse.mylyn.commons.notifications.feed [416]
                No resolution report for the bundle.  Bundle was not resolved because of a uses constraint violation.
  org.apache.felix.resolver.reason.ReasonException: Uses constraint violation. Unable to resolve resource org.eclipse.mylyn.commons.notifications.feed [osgi.identity; type="osgi.bundle"; version:Version="1.17.2.v20200813-0821"; osgi.identity="org.eclipse.mylyn.commons.notifications.feed"; singleton:="true"] because it is exposed to package 'javax.xml.bind' from resources javax.xml.bind [osgi.identity; type="osgi.bundle"; version:Version="2.2.0.v201105210648"; osgi.identity="javax.xml.bind"] and jakarta.xml.bind [osgi.identity; type="osgi.bundle"; version:Version="2.3.3.v20221203-1659"; osgi.identity="jakarta.xml.bind"] via two dependency chains.

Chain 1:
  org.eclipse.mylyn.commons.notifications.feed [osgi.identity; type="osgi.bundle"; version:Version="1.17.2.v20200813-0821"; osgi.identity="org.eclipse.mylyn.commons.notifications.feed"; singleton:="true"]
    require: (&(osgi.wiring.bundle=javax.xml.bind)(bundle-version>=2.2.0))
     |
    provide: osgi.wiring.bundle: javax.xml.bind
  javax.xml.bind [osgi.identity; type="osgi.bundle"; version:Version="2.2.0.v201105210648"; osgi.identity="javax.xml.bind"]

Chain 2:
  org.eclipse.mylyn.commons.notifications.feed [osgi.identity; type="osgi.bundle"; version:Version="1.17.2.v20200813-0821"; osgi.identity="org.eclipse.mylyn.commons.notifications.feed"; singleton:="true"]
    require: (&(osgi.wiring.bundle=com.sun.xml.bind)(bundle-version>=2.2.0))
     |
    provide: osgi.wiring.bundle; bundle-version:Version="2.3.3.v20221203-1659"; osgi.wiring.bundle="com.sun.xml.bind"
  com.sun.xml.bind [osgi.identity; type="osgi.bundle"; version:Version="2.3.3.v20221203-1659"; osgi.identity="com.sun.xml.bind"]
    import: (&(osgi.wiring.package=javax.xml.bind)(&(version>=2.3.3)(!(version>=2.3.4))))
     |
    export: osgi.wiring.package: javax.xml.bind
  jakarta.xml.bind [osgi.identity; type="osgi.bundle"; version:Version="2.3.3.v20221203-1659"; osgi.identity="jakarta.xml.bind"]
	at org.eclipse.osgi.container.Module.start(Module.java:463)
	at org.eclipse.osgi.container.ModuleContainer$ContainerStartLevel$2.run(ModuleContainer.java:1852)
	at org.eclipse.osgi.internal.framework.EquinoxContainerAdaptor$1$1.execute(EquinoxContainerAdaptor.java:136)
	at org.eclipse.osgi.container.ModuleContainer$ContainerStartLevel.incStartLevel(ModuleContainer.java:1845)
	at org.eclipse.osgi.container.ModuleContainer$ContainerStartLevel.incStartLevel(ModuleContainer.java:1786)
	at org.eclipse.osgi.container.ModuleContainer$ContainerStartLevel.doContainerStartLevel(ModuleContainer.java:1750)
	at org.eclipse.osgi.container.ModuleContainer$ContainerStartLevel.dispatchEvent(ModuleContainer.java:1672)
	at org.eclipse.osgi.container.ModuleContainer$ContainerStartLevel.dispatchEvent(ModuleContainer.java:1)
	at org.eclipse.osgi.framework.eventmgr.EventManager.dispatchEvent(EventManager.java:234)
	at org.eclipse.osgi.framework.eventmgr.EventManager$EventThread.run(EventManager.java:345)
