!SESSION 2024-03-15 05:26:48.977 -----------------------------------------------
eclipse.buildId=unknown
java.version=17.0.9
java.vendor=Eclipse Adoptium
BootLoader constants: OS=win32, ARCH=x86_64, WS=win32, NL=ja_JP
Command-line arguments:  -os win32 -ws win32 -arch x86_64

!ENTRY org.apache.felix.scr 4 0 2024-03-15 05:26:49.759
!MESSAGE FrameworkEvent ERROR
!STACK 0
org.osgi.framework.BundleException: Could not resolve module: org.apache.felix.scr [2]
  Unresolved requirement: Import-Package: org.osgi.service.cm; version="[1.6.0,2.0.0)"; resolution:="optional"
  Unresolved requirement: Import-Package: org.osgi.service.metatype; version="[1.2.0,2.0.0)"; resolution:="optional"
  Unresolved requirement: Import-Package: org.apache.felix.service.command; version="[1.0.0,2.0.0)"; resolution:="optional"
  Unresolved requirement: Import-Package: org.osgi.service.component; version="[1.5.0,1.6.0)"

	at org.eclipse.osgi.container.Module.start(Module.java:463)
	at org.eclipse.osgi.container.ModuleContainer$ContainerStartLevel$2.run(ModuleContainer.java:1852)
	at org.eclipse.osgi.internal.framework.EquinoxContainerAdaptor$1$1.execute(EquinoxContainerAdaptor.java:136)
	at org.eclipse.osgi.container.ModuleContainer$ContainerStartLevel.incStartLevel(ModuleContainer.java:1845)
	at org.eclipse.osgi.container.ModuleContainer$ContainerStartLevel.incStartLevel(ModuleContainer.java:1788)
	at org.eclipse.osgi.container.ModuleContainer$ContainerStartLevel.doContainerStartLevel(ModuleContainer.java:1750)
	at org.eclipse.osgi.container.SystemModule.startWorker(SystemModule.java:269)
	at org.eclipse.osgi.container.Module.doStart(Module.java:605)
	at org.eclipse.osgi.container.Module.start(Module.java:468)
	at org.eclipse.osgi.container.SystemModule.start(SystemModule.java:193)
	at org.eclipse.osgi.internal.framework.EquinoxBundle.start(EquinoxBundle.java:445)
	at org.eclipse.osgi.internal.framework.EquinoxBundle.start(EquinoxBundle.java:464)
	at org.eclipse.osgi.launch.Equinox.start(Equinox.java:139)
	at org.eclipse.core.runtime.adaptor.EclipseStarter.startup(EclipseStarter.java:338)
	at org.eclipse.core.runtime.adaptor.EclipseStarter.run(EclipseStarter.java:251)
	at java.base/jdk.internal.reflect.NativeMethodAccessorImpl.invoke0(Native Method)
	at java.base/jdk.internal.reflect.NativeMethodAccessorImpl.invoke(NativeMethodAccessorImpl.java:77)
	at java.base/jdk.internal.reflect.DelegatingMethodAccessorImpl.invoke(DelegatingMethodAccessorImpl.java:43)
	at java.base/java.lang.reflect.Method.invoke(Method.java:568)
	at org.eclipse.equinox.launcher.Main.invokeFramework(Main.java:651)
	at org.eclipse.equinox.launcher.Main.basicRun(Main.java:588)
	at org.eclipse.equinox.launcher.Main.run(Main.java:1459)

!ENTRY org.eclipse.mylyn.bugzilla.ui 4 0 2024-03-15 05:27:03.627
!MESSAGE FrameworkEvent ERROR
!STACK 0
org.osgi.framework.BundleException: Could not resolve module: org.eclipse.mylyn.bugzilla.ui [411]
  Unresolved requirement: Require-Bundle: org.eclipse.mylyn.tasks.ui; bundle-version="[3.8.0,4.0.0)"
    -> Bundle-SymbolicName: org.eclipse.mylyn.tasks.ui; bundle-version="3.25.2.v20200814-0512"; singleton:="true"
       org.eclipse.mylyn.tasks.ui [444]
         Unresolved requirement: Require-Bundle: org.eclipse.mylyn.commons.notifications.feed; bundle-version="1.0.0"
           -> Bundle-SymbolicName: org.eclipse.mylyn.commons.notifications.feed; bundle-version="1.17.2.v20200813-0821"; singleton:="true"
              org.eclipse.mylyn.commons.notifications.feed [416]
                No resolution report for the bundle.  Bundle was not resolved because of a uses constraint violation.
  org.apache.felix.resolver.reason.ReasonException: Uses constraint violation. Unable to resolve resource org.eclipse.mylyn.commons.notifications.feed [osgi.identity; osgi.identity="org.eclipse.mylyn.commons.notifications.feed"; type="osgi.bundle"; version:Version="1.17.2.v20200813-0821"; singleton:="true"] because it is exposed to package 'javax.xml.bind' from resources javax.xml.bind [osgi.identity; osgi.identity="javax.xml.bind"; type="osgi.bundle"; version:Version="2.2.0.v201105210648"] and jakarta.xml.bind [osgi.identity; osgi.identity="jakarta.xml.bind"; type="osgi.bundle"; version:Version="2.3.3.v20221203-1659"] via two dependency chains.

Chain 1:
  org.eclipse.mylyn.commons.notifications.feed [osgi.identity; osgi.identity="org.eclipse.mylyn.commons.notifications.feed"; type="osgi.bundle"; version:Version="1.17.2.v20200813-0821"; singleton:="true"]
    require: (&(osgi.wiring.bundle=javax.xml.bind)(bundle-version>=2.2.0))
     |
    provide: osgi.wiring.bundle: javax.xml.bind
  javax.xml.bind [osgi.identity; osgi.identity="javax.xml.bind"; type="osgi.bundle"; version:Version="2.2.0.v201105210648"]

Chain 2:
  org.eclipse.mylyn.commons.notifications.feed [osgi.identity; osgi.identity="org.eclipse.mylyn.commons.notifications.feed"; type="osgi.bundle"; version:Version="1.17.2.v20200813-0821"; singleton:="true"]
    require: (&(osgi.wiring.bundle=com.sun.xml.bind)(bundle-version>=2.2.0))
     |
    provide: osgi.wiring.bundle; bundle-version:Version="2.3.3.v20221203-1659"; osgi.wiring.bundle="com.sun.xml.bind"
  com.sun.xml.bind [osgi.identity; osgi.identity="com.sun.xml.bind"; type="osgi.bundle"; version:Version="2.3.3.v20221203-1659"]
    import: (&(osgi.wiring.package=javax.xml.bind)(&(version>=2.3.3)(!(version>=2.3.4))))
     |
    export: osgi.wiring.package: javax.xml.bind
  jakarta.xml.bind [osgi.identity; osgi.identity="jakarta.xml.bind"; type="osgi.bundle"; version:Version="2.3.3.v20221203-1659"]
	at org.eclipse.osgi.container.Module.start(Module.java:463)
	at org.eclipse.osgi.container.ModuleContainer$ContainerStartLevel$2.run(ModuleContainer.java:1852)
	at org.eclipse.osgi.internal.framework.EquinoxContainerAdaptor$1$1.execute(EquinoxContainerAdaptor.java:136)
	at org.eclipse.osgi.container.ModuleContainer$ContainerStartLevel.incStartLevel(ModuleContainer.java:1845)
	at org.eclipse.osgi.container.ModuleContainer$ContainerStartLevel.incStartLevel(ModuleContainer.java:1786)
	at org.eclipse.osgi.container.ModuleContainer$ContainerStartLevel.doContainerStartLevel(ModuleContainer.java:1750)
	at org.eclipse.osgi.container.ModuleContainer$ContainerStartLevel.dispatchEvent(ModuleContainer.java:1672)
	at org.eclipse.osgi.container.ModuleContainer$ContainerStartLevel.dispatchEvent(ModuleContainer.java:1)
	at org.eclipse.osgi.framework.eventmgr.EventManager.dispatchEvent(EventManager.java:234)
	at org.eclipse.osgi.framework.eventmgr.EventManager$EventThread.run(EventManager.java:345)

!ENTRY org.eclipse.mylyn.commons.notifications.feed 4 0 2024-03-15 05:27:03.642
!MESSAGE FrameworkEvent ERROR
!STACK 0
org.osgi.framework.BundleException: Could not resolve module: org.eclipse.mylyn.commons.notifications.feed [416]
  Bundle was not resolved because of a uses constraint violation.
  org.apache.felix.resolver.reason.ReasonException: Uses constraint violation. Unable to resolve resource org.eclipse.mylyn.commons.notifications.feed [osgi.identity; osgi.identity="org.eclipse.mylyn.commons.notifications.feed"; type="osgi.bundle"; version:Version="1.17.2.v20200813-0821"; singleton:="true"] because it is exposed to package 'javax.xml.bind' from resources javax.xml.bind [osgi.identity; osgi.identity="javax.xml.bind"; type="osgi.bundle"; version:Version="2.2.0.v201105210648"] and jakarta.xml.bind [osgi.identity; osgi.identity="jakarta.xml.bind"; type="osgi.bundle"; version:Version="2.3.3.v20221203-1659"] via two dependency chains.

Chain 1:
  org.eclipse.mylyn.commons.notifications.feed [osgi.identity; osgi.identity="org.eclipse.mylyn.commons.notifications.feed"; type="osgi.bundle"; version:Version="1.17.2.v20200813-0821"; singleton:="true"]
    require: (&(osgi.wiring.bundle=javax.xml.bind)(bundle-version>=2.2.0))
     |
    provide: osgi.wiring.bundle: javax.xml.bind
  javax.xml.bind [osgi.identity; osgi.identity="javax.xml.bind"; type="osgi.bundle"; version:Version="2.2.0.v201105210648"]

Chain 2:
  org.eclipse.mylyn.commons.notifications.feed [osgi.identity; osgi.identity="org.eclipse.mylyn.commons.notifications.feed"; type="osgi.bundle"; version:Version="1.17.2.v20200813-0821"; singleton:="true"]
    require: (&(osgi.wiring.bundle=com.sun.xml.bind)(bundle-version>=2.2.0))
     |
    provide: osgi.wiring.bundle; bundle-version:Version="2.3.3.v20221203-1659"; osgi.wiring.bundle="com.sun.xml.bind"
  com.sun.xml.bind [osgi.identity; osgi.identity="com.sun.xml.bind"; type="osgi.bundle"; version:Version="2.3.3.v20221203-1659"]
    import: (&(osgi.wiring.package=javax.xml.bind)(&(version>=2.3.3)(!(version>=2.3.4))))
     |
    export: osgi.wiring.package: javax.xml.bind
  jakarta.xml.bind [osgi.identity; osgi.identity="jakarta.xml.bind"; type="osgi.bundle"; version:Version="2.3.3.v20221203-1659"]
	at org.eclipse.osgi.container.Module.start(Module.java:463)
	at org.eclipse.osgi.container.ModuleContainer$ContainerStartLevel$2.run(ModuleContainer.java:1852)
	at org.eclipse.osgi.internal.framework.EquinoxContainerAdaptor$1$1.execute(EquinoxContainerAdaptor.java:136)
	at org.eclipse.osgi.container.ModuleContainer$ContainerStartLevel.incStartLevel(ModuleContainer.java:1845)
	at org.eclipse.osgi.container.ModuleContainer$ContainerStartLevel.incStartLevel(ModuleContainer.java:1786)
	at org.eclipse.osgi.container.ModuleContainer$ContainerStartLevel.doContainerStartLevel(ModuleContainer.java:1750)
	at org.eclipse.osgi.container.ModuleContainer$ContainerStartLevel.dispatchEvent(ModuleContainer.java:1672)
	at org.eclipse.osgi.container.ModuleContainer$ContainerStartLevel.dispatchEvent(ModuleContainer.java:1)
	at org.eclipse.osgi.framework.eventmgr.EventManager.dispatchEvent(EventManager.java:234)
	at org.eclipse.osgi.framework.eventmgr.EventManager$EventThread.run(EventManager.java:345)

!ENTRY org.eclipse.mylyn.context.tasks.ui 4 0 2024-03-15 05:27:03.658
!MESSAGE FrameworkEvent ERROR
!STACK 0
org.osgi.framework.BundleException: Could not resolve module: org.eclipse.mylyn.context.tasks.ui [425]
  Unresolved requirement: Require-Bundle: org.eclipse.mylyn.tasks.ui; bundle-version="3.8.0"
    -> Bundle-SymbolicName: org.eclipse.mylyn.tasks.ui; bundle-version="3.25.2.v20200814-0512"; singleton:="true"
       org.eclipse.mylyn.tasks.ui [444]
         Unresolved requirement: Require-Bundle: org.eclipse.mylyn.commons.notifications.feed; bundle-version="1.0.0"
           -> Bundle-SymbolicName: org.eclipse.mylyn.commons.notifications.feed; bundle-version="1.17.2.v20200813-0821"; singleton:="true"
              org.eclipse.mylyn.commons.notifications.feed [416]
                No resolution report for the bundle.  Bundle was not resolved because of a uses constraint violation.
  org.apache.felix.resolver.reason.ReasonException: Uses constraint violation. Unable to resolve resource org.eclipse.mylyn.commons.notifications.feed [osgi.identity; osgi.identity="org.eclipse.mylyn.commons.notifications.feed"; type="osgi.bundle"; version:Version="1.17.2.v20200813-0821"; singleton:="true"] because it is exposed to package 'javax.xml.bind' from resources javax.xml.bind [osgi.identity; osgi.identity="javax.xml.bind"; type="osgi.bundle"; version:Version="2.2.0.v201105210648"] and jakarta.xml.bind [osgi.identity; osgi.identity="jakarta.xml.bind"; type="osgi.bundle"; version:Version="2.3.3.v20221203-1659"] via two dependency chains.

Chain 1:
  org.eclipse.mylyn.commons.notifications.feed [osgi.identity; osgi.identity="org.eclipse.mylyn.commons.notifications.feed"; type="osgi.bundle"; version:Version="1.17.2.v20200813-0821"; singleton:="true"]
    require: (&(osgi.wiring.bundle=javax.xml.bind)(bundle-version>=2.2.0))
     |
    provide: osgi.wiring.bundle: javax.xml.bind
  javax.xml.bind [osgi.identity; osgi.identity="javax.xml.bind"; type="osgi.bundle"; version:Version="2.2.0.v201105210648"]

Chain 2:
  org.eclipse.mylyn.commons.notifications.feed [osgi.identity; osgi.identity="org.eclipse.mylyn.commons.notifications.feed"; type="osgi.bundle"; version:Version="1.17.2.v20200813-0821"; singleton:="true"]
    require: (&(osgi.wiring.bundle=com.sun.xml.bind)(bundle-version>=2.2.0))
     |
    provide: osgi.wiring.bundle; bundle-version:Version="2.3.3.v20221203-1659"; osgi.wiring.bundle="com.sun.xml.bind"
  com.sun.xml.bind [osgi.identity; osgi.identity="com.sun.xml.bind"; type="osgi.bundle"; version:Version="2.3.3.v20221203-1659"]
    import: (&(osgi.wiring.package=javax.xml.bind)(&(version>=2.3.3)(!(version>=2.3.4))))
     |
    export: osgi.wiring.package: javax.xml.bind
  jakarta.xml.bind [osgi.identity; osgi.identity="jakarta.xml.bind"; type="osgi.bundle"; version:Version="2.3.3.v20221203-1659"]
	at org.eclipse.osgi.container.Module.start(Module.java:463)
	at org.eclipse.osgi.container.ModuleContainer$ContainerStartLevel$2.run(ModuleContainer.java:1852)
	at org.eclipse.osgi.internal.framework.EquinoxContainerAdaptor$1$1.execute(EquinoxContainerAdaptor.java:136)
	at org.eclipse.osgi.container.ModuleContainer$ContainerStartLevel.incStartLevel(ModuleContainer.java:1845)
	at org.eclipse.osgi.container.ModuleContainer$ContainerStartLevel.incStartLevel(ModuleContainer.java:1786)
	at org.eclipse.osgi.container.ModuleContainer$ContainerStartLevel.doContainerStartLevel(ModuleContainer.java:1750)
	at org.eclipse.osgi.container.ModuleContainer$ContainerStartLevel.dispatchEvent(ModuleContainer.java:1672)
	at org.eclipse.osgi.container.ModuleContainer$ContainerStartLevel.dispatchEvent(ModuleContainer.java:1)
	at org.eclipse.osgi.framework.eventmgr.EventManager.dispatchEvent(EventManager.java:234)
	at org.eclipse.osgi.framework.eventmgr.EventManager$EventThread.run(EventManager.java:345)

!ENTRY org.eclipse.mylyn.java.tasks 4 0 2024-03-15 05:27:03.689
!MESSAGE FrameworkEvent ERROR
!STACK 0
org.osgi.framework.BundleException: Could not resolve module: org.eclipse.mylyn.java.tasks [433]
  Unresolved requirement: Require-Bundle: org.eclipse.mylyn.tasks.ui; bundle-version="[3.8.0,4.0.0)"
    -> Bundle-SymbolicName: org.eclipse.mylyn.tasks.ui; bundle-version="3.25.2.v20200814-0512"; singleton:="true"
       org.eclipse.mylyn.tasks.ui [444]
         Unresolved requirement: Require-Bundle: org.eclipse.mylyn.commons.notifications.feed; bundle-version="1.0.0"
           -> Bundle-SymbolicName: org.eclipse.mylyn.commons.notifications.feed; bundle-version="1.17.2.v20200813-0821"; singleton:="true"
              org.eclipse.mylyn.commons.notifications.feed [416]
                No resolution report for the bundle.  Bundle was not resolved because of a uses constraint violation.
  org.apache.felix.resolver.reason.ReasonException: Uses constraint violation. Unable to resolve resource org.eclipse.mylyn.commons.notifications.feed [osgi.identity; osgi.identity="org.eclipse.mylyn.commons.notifications.feed"; type="osgi.bundle"; version:Version="1.17.2.v20200813-0821"; singleton:="true"] because it is exposed to package 'javax.xml.bind' from resources javax.xml.bind [osgi.identity; osgi.identity="javax.xml.bind"; type="osgi.bundle"; version:Version="2.2.0.v201105210648"] and jakarta.xml.bind [osgi.identity; osgi.identity="jakarta.xml.bind"; type="osgi.bundle"; version:Version="2.3.3.v20221203-1659"] via two dependency chains.

Chain 1:
  org.eclipse.mylyn.commons.notifications.feed [osgi.identity; osgi.identity="org.eclipse.mylyn.commons.notifications.feed"; type="osgi.bundle"; version:Version="1.17.2.v20200813-0821"; singleton:="true"]
    require: (&(osgi.wiring.bundle=javax.xml.bind)(bundle-version>=2.2.0))
     |
    provide: osgi.wiring.bundle: javax.xml.bind
  javax.xml.bind [osgi.identity; osgi.identity="javax.xml.bind"; type="osgi.bundle"; version:Version="2.2.0.v201105210648"]

Chain 2:
  org.eclipse.mylyn.commons.notifications.feed [osgi.identity; osgi.identity="org.eclipse.mylyn.commons.notifications.feed"; type="osgi.bundle"; version:Version="1.17.2.v20200813-0821"; singleton:="true"]
    require: (&(osgi.wiring.bundle=com.sun.xml.bind)(bundle-version>=2.2.0))
     |
    provide: osgi.wiring.bundle; bundle-version:Version="2.3.3.v20221203-1659"; osgi.wiring.bundle="com.sun.xml.bind"
  com.sun.xml.bind [osgi.identity; osgi.identity="com.sun.xml.bind"; type="osgi.bundle"; version:Version="2.3.3.v20221203-1659"]
    import: (&(osgi.wiring.package=javax.xml.bind)(&(version>=2.3.3)(!(version>=2.3.4))))
     |
    export: osgi.wiring.package: javax.xml.bind
  jakarta.xml.bind [osgi.identity; osgi.identity="jakarta.xml.bind"; type="osgi.bundle"; version:Version="2.3.3.v20221203-1659"]
	at org.eclipse.osgi.container.Module.start(Module.java:463)
	at org.eclipse.osgi.container.ModuleContainer$ContainerStartLevel$2.run(ModuleContainer.java:1852)
	at org.eclipse.osgi.internal.framework.EquinoxContainerAdaptor$1$1.execute(EquinoxContainerAdaptor.java:136)
	at org.eclipse.osgi.container.ModuleContainer$ContainerStartLevel.incStartLevel(ModuleContainer.java:1845)
	at org.eclipse.osgi.container.ModuleContainer$ContainerStartLevel.incStartLevel(ModuleContainer.java:1786)
	at org.eclipse.osgi.container.ModuleContainer$ContainerStartLevel.doContainerStartLevel(ModuleContainer.java:1750)
	at org.eclipse.osgi.container.ModuleContainer$ContainerStartLevel.dispatchEvent(ModuleContainer.java:1672)
	at org.eclipse.osgi.container.ModuleContainer$ContainerStartLevel.dispatchEvent(ModuleContainer.java:1)
	at org.eclipse.osgi.framework.eventmgr.EventManager.dispatchEvent(EventManager.java:234)
	at org.eclipse.osgi.framework.eventmgr.EventManager$EventThread.run(EventManager.java:345)

!ENTRY org.eclipse.mylyn.tasks.bugs 4 0 2024-03-15 05:27:03.721
!MESSAGE FrameworkEvent ERROR
!STACK 0
org.osgi.framework.BundleException: Could not resolve module: org.eclipse.mylyn.tasks.bugs [439]
  Unresolved requirement: Require-Bundle: org.eclipse.mylyn.tasks.ui; bundle-version="[3.8.0,4.0.0)"
    -> Bundle-SymbolicName: org.eclipse.mylyn.tasks.ui; bundle-version="3.25.2.v20200814-0512"; singleton:="true"
       org.eclipse.mylyn.tasks.ui [444]
         Unresolved requirement: Require-Bundle: org.eclipse.mylyn.commons.notifications.feed; bundle-version="1.0.0"
           -> Bundle-SymbolicName: org.eclipse.mylyn.commons.notifications.feed; bundle-version="1.17.2.v20200813-0821"; singleton:="true"
              org.eclipse.mylyn.commons.notifications.feed [416]
                No resolution report for the bundle.  Bundle was not resolved because of a uses constraint violation.
  org.apache.felix.resolver.reason.ReasonException: Uses constraint violation. Unable to resolve resource org.eclipse.mylyn.commons.notifications.feed [osgi.identity; osgi.identity="org.eclipse.mylyn.commons.notifications.feed"; type="osgi.bundle"; version:Version="1.17.2.v20200813-0821"; singleton:="true"] because it is exposed to package 'javax.xml.bind' from resources javax.xml.bind [osgi.identity; osgi.identity="javax.xml.bind"; type="osgi.bundle"; version:Version="2.2.0.v201105210648"] and jakarta.xml.bind [osgi.identity; osgi.identity="jakarta.xml.bind"; type="osgi.bundle"; version:Version="2.3.3.v20221203-1659"] via two dependency chains.

Chain 1:
  org.eclipse.mylyn.commons.notifications.feed [osgi.identity; osgi.identity="org.eclipse.mylyn.commons.notifications.feed"; type="osgi.bundle"; version:Version="1.17.2.v20200813-0821"; singleton:="true"]
    require: (&(osgi.wiring.bundle=javax.xml.bind)(bundle-version>=2.2.0))
     |
    provide: osgi.wiring.bundle: javax.xml.bind
  javax.xml.bind [osgi.identity; osgi.identity="javax.xml.bind"; type="osgi.bundle"; version:Version="2.2.0.v201105210648"]

Chain 2:
  org.eclipse.mylyn.commons.notifications.feed [osgi.identity; osgi.identity="org.eclipse.mylyn.commons.notifications.feed"; type="osgi.bundle"; version:Version="1.17.2.v20200813-0821"; singleton:="true"]
    require: (&(osgi.wiring.bundle=com.sun.xml.bind)(bundle-version>=2.2.0))
     |
    provide: osgi.wiring.bundle; bundle-version:Version="2.3.3.v20221203-1659"; osgi.wiring.bundle="com.sun.xml.bind"
  com.sun.xml.bind [osgi.identity; osgi.identity="com.sun.xml.bind"; type="osgi.bundle"; version:Version="2.3.3.v20221203-1659"]
    import: (&(osgi.wiring.package=javax.xml.bind)(&(version>=2.3.3)(!(version>=2.3.4))))
     |
    export: osgi.wiring.package: javax.xml.bind
  jakarta.xml.bind [osgi.identity; osgi.identity="jakarta.xml.bind"; type="osgi.bundle"; version:Version="2.3.3.v20221203-1659"]
	at org.eclipse.osgi.container.Module.start(Module.java:463)
	at org.eclipse.osgi.container.ModuleContainer$ContainerStartLevel$2.run(ModuleContainer.java:1852)
	at org.eclipse.osgi.internal.framework.EquinoxContainerAdaptor$1$1.execute(EquinoxContainerAdaptor.java:136)
	at org.eclipse.osgi.container.ModuleContainer$ContainerStartLevel.incStartLevel(ModuleContainer.java:1845)
	at org.eclipse.osgi.container.ModuleContainer$ContainerStartLevel.incStartLevel(ModuleContainer.java:1786)
	at org.eclipse.osgi.container.ModuleContainer$ContainerStartLevel.doContainerStartLevel(ModuleContainer.java:1750)
	at org.eclipse.osgi.container.ModuleContainer$ContainerStartLevel.dispatchEvent(ModuleContainer.java:1672)
	at org.eclipse.osgi.container.ModuleContainer$ContainerStartLevel.dispatchEvent(ModuleContainer.java:1)
	at org.eclipse.osgi.framework.eventmgr.EventManager.dispatchEvent(EventManager.java:234)
	at org.eclipse.osgi.framework.eventmgr.EventManager$EventThread.run(EventManager.java:345)

!ENTRY org.eclipse.mylyn.tasks.ui 4 0 2024-03-15 05:27:03.736
!MESSAGE FrameworkEvent ERROR
!STACK 0
org.osgi.framework.BundleException: Could not resolve module: org.eclipse.mylyn.tasks.ui [444]
  Unresolved requirement: Require-Bundle: org.eclipse.mylyn.commons.notifications.feed; bundle-version="1.0.0"
    -> Bundle-SymbolicName: org.eclipse.mylyn.commons.notifications.feed; bundle-version="1.17.2.v20200813-0821"; singleton:="true"
       org.eclipse.mylyn.commons.notifications.feed [416]
         No resolution report for the bundle.  Bundle was not resolved because of a uses constraint violation.
  org.apache.felix.resolver.reason.ReasonException: Uses constraint violation. Unable to resolve resource org.eclipse.mylyn.commons.notifications.feed [osgi.identity; osgi.identity="org.eclipse.mylyn.commons.notifications.feed"; type="osgi.bundle"; version:Version="1.17.2.v20200813-0821"; singleton:="true"] because it is exposed to package 'javax.xml.bind' from resources javax.xml.bind [osgi.identity; osgi.identity="javax.xml.bind"; type="osgi.bundle"; version:Version="2.2.0.v201105210648"] and jakarta.xml.bind [osgi.identity; osgi.identity="jakarta.xml.bind"; type="osgi.bundle"; version:Version="2.3.3.v20221203-1659"] via two dependency chains.

Chain 1:
  org.eclipse.mylyn.commons.notifications.feed [osgi.identity; osgi.identity="org.eclipse.mylyn.commons.notifications.feed"; type="osgi.bundle"; version:Version="1.17.2.v20200813-0821"; singleton:="true"]
    require: (&(osgi.wiring.bundle=javax.xml.bind)(bundle-version>=2.2.0))
     |
    provide: osgi.wiring.bundle: javax.xml.bind
  javax.xml.bind [osgi.identity; osgi.identity="javax.xml.bind"; type="osgi.bundle"; version:Version="2.2.0.v201105210648"]

Chain 2:
  org.eclipse.mylyn.commons.notifications.feed [osgi.identity; osgi.identity="org.eclipse.mylyn.commons.notifications.feed"; type="osgi.bundle"; version:Version="1.17.2.v20200813-0821"; singleton:="true"]
    require: (&(osgi.wiring.bundle=com.sun.xml.bind)(bundle-version>=2.2.0))
     |
    provide: osgi.wiring.bundle; bundle-version:Version="2.3.3.v20221203-1659"; osgi.wiring.bundle="com.sun.xml.bind"
  com.sun.xml.bind [osgi.identity; osgi.identity="com.sun.xml.bind"; type="osgi.bundle"; version:Version="2.3.3.v20221203-1659"]
    import: (&(osgi.wiring.package=javax.xml.bind)(&(version>=2.3.3)(!(version>=2.3.4))))
     |
    export: osgi.wiring.package: javax.xml.bind
  jakarta.xml.bind [osgi.identity; osgi.identity="jakarta.xml.bind"; type="osgi.bundle"; version:Version="2.3.3.v20221203-1659"]
	at org.eclipse.osgi.container.Module.start(Module.java:463)
	at org.eclipse.osgi.container.ModuleContainer$ContainerStartLevel$2.run(ModuleContainer.java:1852)
	at org.eclipse.osgi.internal.framework.EquinoxContainerAdaptor$1$1.execute(EquinoxContainerAdaptor.java:136)
	at org.eclipse.osgi.container.ModuleContainer$ContainerStartLevel.incStartLevel(ModuleContainer.java:1845)
	at org.eclipse.osgi.container.ModuleContainer$ContainerStartLevel.incStartLevel(ModuleContainer.java:1786)
	at org.eclipse.osgi.container.ModuleContainer$ContainerStartLevel.doContainerStartLevel(ModuleContainer.java:1750)
	at org.eclipse.osgi.container.ModuleContainer$ContainerStartLevel.dispatchEvent(ModuleContainer.java:1672)
	at org.eclipse.osgi.container.ModuleContainer$ContainerStartLevel.dispatchEvent(ModuleContainer.java:1)
	at org.eclipse.osgi.framework.eventmgr.EventManager.dispatchEvent(EventManager.java:234)
	at org.eclipse.osgi.framework.eventmgr.EventManager$EventThread.run(EventManager.java:345)

!ENTRY org.eclipse.mylyn.team.ui 4 0 2024-03-15 05:27:03.768
!MESSAGE FrameworkEvent ERROR
!STACK 0
org.osgi.framework.BundleException: Could not resolve module: org.eclipse.mylyn.team.ui [445]
  Unresolved requirement: Require-Bundle: org.eclipse.mylyn.tasks.ui; bundle-version="[3.8.0,4.0.0)"
    -> Bundle-SymbolicName: org.eclipse.mylyn.tasks.ui; bundle-version="3.25.2.v20200814-0512"; singleton:="true"
       org.eclipse.mylyn.tasks.ui [444]
         Unresolved requirement: Require-Bundle: org.eclipse.mylyn.commons.notifications.feed; bundle-version="1.0.0"
           -> Bundle-SymbolicName: org.eclipse.mylyn.commons.notifications.feed; bundle-version="1.17.2.v20200813-0821"; singleton:="true"
              org.eclipse.mylyn.commons.notifications.feed [416]
                No resolution report for the bundle.  Bundle was not resolved because of a uses constraint violation.
  org.apache.felix.resolver.reason.ReasonException: Uses constraint violation. Unable to resolve resource org.eclipse.mylyn.commons.notifications.feed [osgi.identity; osgi.identity="org.eclipse.mylyn.commons.notifications.feed"; type="osgi.bundle"; version:Version="1.17.2.v20200813-0821"; singleton:="true"] because it is exposed to package 'javax.xml.bind' from resources javax.xml.bind [osgi.identity; osgi.identity="javax.xml.bind"; type="osgi.bundle"; version:Version="2.2.0.v201105210648"] and jakarta.xml.bind [osgi.identity; osgi.identity="jakarta.xml.bind"; type="osgi.bundle"; version:Version="2.3.3.v20221203-1659"] via two dependency chains.

Chain 1:
  org.eclipse.mylyn.commons.notifications.feed [osgi.identity; osgi.identity="org.eclipse.mylyn.commons.notifications.feed"; type="osgi.bundle"; version:Version="1.17.2.v20200813-0821"; singleton:="true"]
    require: (&(osgi.wiring.bundle=javax.xml.bind)(bundle-version>=2.2.0))
     |
    provide: osgi.wiring.bundle: javax.xml.bind
  javax.xml.bind [osgi.identity; osgi.identity="javax.xml.bind"; type="osgi.bundle"; version:Version="2.2.0.v201105210648"]

Chain 2:
  org.eclipse.mylyn.commons.notifications.feed [osgi.identity; osgi.identity="org.eclipse.mylyn.commons.notifications.feed"; type="osgi.bundle"; version:Version="1.17.2.v20200813-0821"; singleton:="true"]
    require: (&(osgi.wiring.bundle=com.sun.xml.bind)(bundle-version>=2.2.0))
     |
    provide: osgi.wiring.bundle; bundle-version:Version="2.3.3.v20221203-1659"; osgi.wiring.bundle="com.sun.xml.bind"
  com.sun.xml.bind [osgi.identity; osgi.identity="com.sun.xml.bind"; type="osgi.bundle"; version:Version="2.3.3.v20221203-1659"]
    import: (&(osgi.wiring.package=javax.xml.bind)(&(version>=2.3.3)(!(version>=2.3.4))))
     |
    export: osgi.wiring.package: javax.xml.bind
  jakarta.xml.bind [osgi.identity; osgi.identity="jakarta.xml.bind"; type="osgi.bundle"; version:Version="2.3.3.v20221203-1659"]
	at org.eclipse.osgi.container.Module.start(Module.java:463)
	at org.eclipse.osgi.container.ModuleContainer$ContainerStartLevel$2.run(ModuleContainer.java:1852)
	at org.eclipse.osgi.internal.framework.EquinoxContainerAdaptor$1$1.execute(EquinoxContainerAdaptor.java:136)
	at org.eclipse.osgi.container.ModuleContainer$ContainerStartLevel.incStartLevel(ModuleContainer.java:1845)
	at org.eclipse.osgi.container.ModuleContainer$ContainerStartLevel.incStartLevel(ModuleContainer.java:1786)
	at org.eclipse.osgi.container.ModuleContainer$ContainerStartLevel.doContainerStartLevel(ModuleContainer.java:1750)
	at org.eclipse.osgi.container.ModuleContainer$ContainerStartLevel.dispatchEvent(ModuleContainer.java:1672)
	at org.eclipse.osgi.container.ModuleContainer$ContainerStartLevel.dispatchEvent(ModuleContainer.java:1)
	at org.eclipse.osgi.framework.eventmgr.EventManager.dispatchEvent(EventManager.java:234)
	at org.eclipse.osgi.framework.eventmgr.EventManager$EventThread.run(EventManager.java:345)
